# JRE version: OpenJDK Runtime Environment (11.0.12+7) (build 11.0.12+7-b1504.28-7817840)
# Java VM: OpenJDK 64-Bit Server VM (11.0.12+7-b1504.28-7817840, mixed mode, tiered, compressed oops, g1 gc, windows-amd64)
Heap:
 garbage-first heap   total 268288K, used 145775K [0x0000000080000000, 0x0000000100000000)
  region size 1024K, 28 young (28672K), 11 survivors (11264K)
 Metaspace       used 124007K, capacity 126825K, committed 126976K, reserved 1159168K
  class space    used 15763K, capacity 16780K, committed 16896K, reserved 1048576K
GC Heap History (20 events):
Event: 843.073 GC heap before
{Heap before GC invocations=31 (full 0):
 garbage-first heap   total 152576K, used 128703K [0x0000000080000000, 0x0000000100000000)
  region size 1024K, 40 young (40960K), 3 survivors (3072K)
 Metaspace       used 115042K, capacity 117829K, committed 117888K, reserved 1150976K
  class space    used 14706K, capacity 15702K, committed 15744K, reserved 1048576K
}
Event: 843.080 GC heap after
{Heap after GC invocations=32 (full 0):
 garbage-first heap   total 152576K, used 93507K [0x0000000080000000, 0x0000000100000000)
  region size 1024K, 3 young (3072K), 3 survivors (3072K)
 Metaspace       used 115042K, capacity 117829K, committed 117888K, reserved 1150976K
  class space    used 14706K, capacity 15702K, committed 15744K, reserved 1048576K
}
Event: 843.129 GC heap before
{Heap before GC invocations=32 (full 0):
 garbage-first heap   total 152576K, used 97603K [0x0000000080000000, 0x0000000100000000)
  region size 1024K, 7 young (7168K), 3 survivors (3072K)
 Metaspace       used 115051K, capacity 117829K, committed 117888K, reserved 1150976K
  class space    used 14707K, capacity 15702K, committed 15744K, reserved 1048576K
}
Event: 843.136 GC heap after
{Heap after GC invocations=33 (full 0):
 garbage-first heap   total 152576K, used 93807K [0x0000000080000000, 0x0000000100000000)
  region size 1024K, 1 young (1024K), 1 survivors (1024K)
 Metaspace       used 115051K, capacity 117829K, committed 117888K, reserved 1150976K
  class space    used 14707K, capacity 15702K, committed 15744K, reserved 1048576K
}
Event: 843.992 GC heap before
{Heap before GC invocations=33 (full 0):
 garbage-first heap   total 152576K, used 128623K [0x0000000080000000, 0x0000000100000000)
  region size 1024K, 35 young (35840K), 1 survivors (1024K)
 Metaspace       used 117498K, capacity 120286K, committed 120576K, reserved 1153024K
  class space    used 15043K, capacity 16047K, committed 16128K, reserved 1048576K
}
Event: 844.000 GC heap after
{Heap after GC invocations=34 (full 0):
 garbage-first heap   total 152576K, used 96174K [0x0000000080000000, 0x0000000100000000)
  region size 1024K, 3 young (3072K), 3 survivors (3072K)
 Metaspace       used 117498K, capacity 120286K, committed 120576K, reserved 1153024K
  class space    used 15043K, capacity 16047K, committed 16128K, reserved 1048576K
}
Event: 844.800 GC heap before
{Heap before GC invocations=35 (full 0):
 garbage-first heap   total 152576K, used 128942K [0x0000000080000000, 0x0000000100000000)
  region size 1024K, 35 young (35840K), 3 survivors (3072K)
 Metaspace       used 120218K, capacity 123042K, committed 123264K, reserved 1157120K
  class space    used 15438K, capacity 16459K, committed 16512K, reserved 1048576K
}
Event: 844.811 GC heap after
{Heap after GC invocations=36 (full 0):
 garbage-first heap   total 152576K, used 98507K [0x0000000080000000, 0x0000000100000000)
  region size 1024K, 5 young (5120K), 5 survivors (5120K)
 Metaspace       used 120218K, capacity 123042K, committed 123264K, reserved 1157120K
  class space    used 15438K, capacity 16459K, committed 16512K, reserved 1048576K
}
Event: 844.841 GC heap before
{Heap before GC invocations=36 (full 0):
 garbage-first heap   total 152576K, used 100555K [0x0000000080000000, 0x0000000100000000)
  region size 1024K, 7 young (7168K), 5 survivors (5120K)
 Metaspace       used 120309K, capacity 123171K, committed 123264K, reserved 1157120K
  class space    used 15447K, capacity 16459K, committed 16512K, reserved 1048576K
}
Event: 845.008 GC heap after
{Heap after GC invocations=37 (full 0):
 garbage-first heap   total 152576K, used 98580K [0x0000000080000000, 0x0000000100000000)
  region size 1024K, 1 young (1024K), 1 survivors (1024K)
 Metaspace       used 120309K, capacity 123171K, committed 123264K, reserved 1157120K
  class space    used 15447K, capacity 16459K, committed 16512K, reserved 1048576K
}
Event: 846.025 GC heap before
{Heap before GC invocations=37 (full 0):
 garbage-first heap   total 152576K, used 128276K [0x0000000080000000, 0x0000000100000000)
  region size 1024K, 31 young (31744K), 1 survivors (1024K)
 Metaspace       used 122015K, capacity 124885K, committed 125184K, reserved 1157120K
  class space    used 15552K, capacity 16569K, committed 16640K, reserved 1048576K
}
Event: 846.037 GC heap after
{Heap after GC invocations=38 (full 0):
 garbage-first heap   total 152576K, used 103084K [0x0000000080000000, 0x0000000100000000)
  region size 1024K, 4 young (4096K), 4 survivors (4096K)
 Metaspace       used 122015K, capacity 124885K, committed 125184K, reserved 1157120K
  class space    used 15552K, capacity 16569K, committed 16640K, reserved 1048576K
}
Event: 846.418 GC heap before
{Heap before GC invocations=39 (full 0):
 garbage-first heap   total 152576K, used 127660K [0x0000000080000000, 0x0000000100000000)
  region size 1024K, 29 young (29696K), 4 survivors (4096K)
 Metaspace       used 122101K, capacity 124973K, committed 125184K, reserved 1157120K
  class space    used 15568K, capacity 16575K, committed 16640K, reserved 1048576K
}
Event: 846.428 GC heap after
{Heap after GC invocations=40 (full 0):
 garbage-first heap   total 152576K, used 104869K [0x0000000080000000, 0x0000000100000000)
  region size 1024K, 2 young (2048K), 2 survivors (2048K)
 Metaspace       used 122101K, capacity 124973K, committed 125184K, reserved 1157120K
  class space    used 15568K, capacity 16575K, committed 16640K, reserved 1048576K
}
Event: 846.492 GC heap before
{Heap before GC invocations=40 (full 0):
 garbage-first heap   total 152576K, used 108965K [0x0000000080000000, 0x0000000100000000)
  region size 1024K, 7 young (7168K), 2 survivors (2048K)
 Metaspace       used 122101K, capacity 124973K, committed 125184K, reserved 1157120K
  class space    used 15568K, capacity 16575K, committed 16640K, reserved 1048576K
}
Event: 846.499 GC heap after
{Heap after GC invocations=41 (full 0):
 garbage-first heap   total 152576K, used 104453K [0x0000000080000000, 0x0000000100000000)
  region size 1024K, 1 young (1024K), 1 survivors (1024K)
 Metaspace       used 122101K, capacity 124973K, committed 125184K, reserved 1157120K
  class space    used 15568K, capacity 16575K, committed 16640K, reserved 1048576K
}
Event: 846.798 GC heap before
{Heap before GC invocations=41 (full 0):
 garbage-first heap   total 152576K, used 126981K [0x0000000080000000, 0x0000000100000000)
  region size 1024K, 24 young (24576K), 1 survivors (1024K)
 Metaspace       used 122370K, capacity 125264K, committed 125568K, reserved 1159168K
  class space    used 15610K, capacity 16647K, committed 16768K, reserved 1048576K
}
Event: 846.807 GC heap after
{Heap after GC invocations=42 (full 0):
 garbage-first heap   total 268288K, used 105913K [0x0000000080000000, 0x0000000100000000)
  region size 1024K, 2 young (2048K), 2 survivors (2048K)
 Metaspace       used 122370K, capacity 125264K, committed 125568K, reserved 1159168K
  class space    used 15610K, capacity 16647K, committed 16768K, reserved 1048576K
}
Event: 852.155 GC heap before
{Heap before GC invocations=42 (full 0):
 garbage-first heap   total 268288K, used 187833K [0x0000000080000000, 0x0000000100000000)
  region size 1024K, 81 young (82944K), 2 survivors (2048K)
 Metaspace       used 123980K, capacity 126825K, committed 126976K, reserved 1159168K
  class space    used 15763K, capacity 16780K, committed 16896K, reserved 1048576K
}
Event: 852.299 GC heap after
{Heap after GC invocations=43 (full 0):
 garbage-first heap   total 268288K, used 127343K [0x0000000080000000, 0x0000000100000000)
  region size 1024K, 11 young (11264K), 11 survivors (11264K)
 Metaspace       used 123980K, capacity 126825K, committed 126976K, reserved 1159168K
  class space    used 15763K, capacity 16780K, committed 16896K, reserved 1048576K
}

